2025-05-28 22:38:03 - root - INFO - Logging to file: logs\reverse_search_20250528_223803.log
2025-05-28 22:38:03 - __main__ - INFO - Starting Reverse Archive Search application
2025-05-28 22:38:04 - src.search.clip_engine - INFO - CUDA verification successful
2025-05-28 22:38:04 - src.search.clip_engine - INFO - Loading CLIP model 'ViT-B/32' on device: cuda
2025-05-28 22:38:07 - src.search.clip_engine - INFO - 🚀 Using GPU: NVIDIA GeForce RTX 2080
2025-05-28 22:38:07 - src.search.clip_engine - INFO -    - Total VRAM: 7GB
2025-05-28 22:38:07 - src.search.clip_engine - INFO -    - Compute Capability: 7.5
2025-05-28 22:38:07 - src.search.clip_engine - INFO -    - PyTorch CUDA version: 11.8
2025-05-28 22:38:07 - src.search.clip_engine - INFO -    - Memory allocated: 344MB, reserved: 368MB
2025-05-28 22:38:07 - src.search.clip_engine - INFO - CLIP model loaded successfully
2025-05-28 22:38:07 - src.search.clip_engine - INFO - CUDA verification successful
2025-05-28 22:38:07 - src.search.clip_engine - INFO - Loading CLIP model 'ViT-B/32' on device: cuda
2025-05-28 22:38:09 - src.search.clip_engine - INFO - 🚀 Using GPU: NVIDIA GeForce RTX 2080
2025-05-28 22:38:09 - src.search.clip_engine - INFO -    - Total VRAM: 7GB
2025-05-28 22:38:09 - src.search.clip_engine - INFO -    - Compute Capability: 7.5
2025-05-28 22:38:09 - src.search.clip_engine - INFO -    - PyTorch CUDA version: 11.8
2025-05-28 22:38:09 - src.search.clip_engine - INFO -    - Memory allocated: 689MB, reserved: 694MB
2025-05-28 22:38:09 - src.search.clip_engine - INFO - CLIP model loaded successfully
2025-05-28 22:38:09 - src.gui.main_window - INFO - Device Status: Active
2025-05-28 22:38:30 - src.gui.main_window - INFO - Selected user image: C:\Users\Aliba\Desktop\image.png
2025-05-28 22:38:53 - src.gui.main_window - INFO - Selected Discord JSON: C:\Users\Aliba\Desktop\ReverseArchiveSearch\Map Artists of 2b2t - ────── Map Talk ────── - mapart-archive [349277718954901514].json
2025-05-28 22:38:53 - src.gui.main_window - INFO - Parsing Discord JSON...
2025-05-28 22:38:53 - src.data.discord_parser - INFO - Starting to parse Discord file: C:\Users\Aliba\Desktop\ReverseArchiveSearch\Map Artists of 2b2t - ────── Map Talk ────── - mapart-archive [349277718954901514].json
2025-05-28 22:38:54 - src.data.discord_parser - INFO - Found 3688 total messages in archive
2025-05-28 22:38:54 - src.data.discord_parser - INFO - Parsed 3462 messages with image attachments
2025-05-28 22:38:54 - src.data.discord_parser - INFO - Statistics: {'total_messages': 3688, 'messages_with_attachments': 3462, 'total_attachments': 3561, 'parse_errors': 0}
2025-05-28 22:38:54 - src.gui.main_window - INFO - Loaded 3462 messages with images
2025-05-28 22:38:54 - src.gui.main_window - INFO - Parsed 3462 Discord messages with images
2025-05-28 22:38:55 - src.gui.main_window - INFO - Starting search...
2025-05-28 22:38:55 - src.search.strategies - INFO - Using real-time search strategy
2025-05-28 22:38:55 - src.search.strategies - INFO - Starting real-time search with 3462 messages
2025-05-28 22:38:55 - src.search.strategies - INFO - Encoding user image: C:\Users\Aliba\Desktop\image.png
2025-05-28 22:44:42 - src.search.strategies - INFO - Real-time search completed in 347.07s
2025-05-28 22:44:42 - src.search.strategies - INFO - Processed 3561/3561 images successfully
2025-05-28 22:44:42 - src.search.strategies - INFO - Found 20 results
2025-05-28 22:44:42 - src.gui.main_window - INFO - Processed 3561/3561 images (100.0% success) in 347.1s
2025-05-28 22:44:42 - src.gui.main_window - INFO - Search complete - found 20 results in 347.1s
2025-05-28 22:45:17 - src.gui.main_window - INFO - Opened Discord link: https://discord.com/channels/349201680023289867/349277718954901514/1373880001136689243
