2025-05-28 22:19:20 - root - INFO - Logging to file: logs\reverse_search_20250528_221920.log
2025-05-28 22:19:20 - __main__ - INFO - Starting Reverse Archive Search application
2025-05-28 22:19:20 - src.search.clip_engine - INFO - Loading CLIP model 'ViT-B/32' on device: cpu
2025-05-28 22:19:23 - src.search.clip_engine - INFO - Using CPU for CLIP processing
2025-05-28 22:19:23 - src.search.clip_engine - INFO - CLIP model loaded successfully
2025-05-28 22:19:23 - src.search.clip_engine - INFO - Loading CLIP model 'ViT-B/32' on device: cpu
2025-05-28 22:19:26 - src.search.clip_engine - INFO - Using CPU for CLIP processing
2025-05-28 22:19:26 - src.search.clip_engine - INFO - CLIP model loaded successfully
2025-05-28 22:19:33 - src.gui.main_window - INFO - Selected Discord JSON: C:\Users\Aliba\Desktop\ReverseArchiveSearch\Map Artists of 2b2t - ────── Map Talk ────── - mapart-archive [349277718954901514].json
2025-05-28 22:19:33 - src.gui.main_window - INFO - Parsing Discord JSON...
2025-05-28 22:19:33 - src.data.discord_parser - INFO - Starting to parse Discord file: C:\Users\Aliba\Desktop\ReverseArchiveSearch\Map Artists of 2b2t - ────── Map Talk ────── - mapart-archive [349277718954901514].json
2025-05-28 22:19:34 - src.data.discord_parser - INFO - Found 3688 total messages in archive
2025-05-28 22:19:34 - src.data.discord_parser - INFO - Parsed 3462 messages with image attachments
2025-05-28 22:19:34 - src.data.discord_parser - INFO - Statistics: {'total_messages': 3688, 'messages_with_attachments': 3462, 'total_attachments': 3561, 'parse_errors': 0}
2025-05-28 22:19:34 - src.gui.main_window - INFO - Loaded 3462 messages with images
2025-05-28 22:19:34 - src.gui.main_window - INFO - Parsed 3462 Discord messages with images
2025-05-28 22:19:39 - src.gui.main_window - INFO - Selected user image: C:\Users\Aliba\Desktop\image.png
2025-05-28 22:19:42 - src.gui.main_window - INFO - Starting search...
2025-05-28 22:19:42 - src.search.strategies - INFO - Using real-time search strategy
2025-05-28 22:19:42 - src.search.strategies - INFO - Starting real-time search with 3462 messages
2025-05-28 22:19:42 - src.search.strategies - INFO - Encoding user image: C:\Users\Aliba\Desktop\image.png
2025-05-28 22:24:36 - src.search.image_downloader - WARNING - Timeout downloading image: https://cdn.discordapp.com/attachments/349277718954901514/1220554800739909682/2024-03-16_17.png?ex=68386a7d&is=683718fd&hm=9b1d626973821f4de4b631778a965f6366b0a6c8fc26f6e6debe645959d387c9&
2025-05-28 22:27:52 - src.search.strategies - INFO - Real-time search completed in 490.38s
2025-05-28 22:27:52 - src.search.strategies - INFO - Processed 3561/3561 images successfully
2025-05-28 22:27:52 - src.search.strategies - INFO - Found 20 results
2025-05-28 22:27:52 - src.gui.main_window - INFO - Processed 3561/3561 images (100.0% success) in 490.4s
2025-05-28 22:27:52 - src.gui.main_window - INFO - Search complete - found 20 results in 490.4s
2025-05-28 22:28:50 - src.gui.main_window - INFO - Opened Discord link: https://discord.com/channels/349201680023289867/349277718954901514/422247724155404290
2025-05-28 22:29:01 - src.gui.main_window - INFO - Opened Discord link: https://discord.com/channels/349201680023289867/349277718954901514/1362530406657687825
2025-05-28 22:29:16 - src.gui.main_window - INFO - Opened Discord link: https://discord.com/channels/349201680023289867/349277718954901514/1329682137959497778
