2025-05-28 21:27:40 - root - INFO - Logging to file: logs\reverse_search_20250528_212740.log
2025-05-28 21:27:40 - __main__ - INFO - Starting Reverse Archive Search application
2025-05-28 21:27:41 - src.search.clip_engine - INFO - Loading CLIP model 'ViT-B/32' on device: cpu
2025-05-28 21:27:44 - src.search.clip_engine - INFO - Using CPU for CLIP processing
2025-05-28 21:27:44 - src.search.clip_engine - INFO - CLIP model loaded successfully
2025-05-28 21:27:44 - src.search.clip_engine - INFO - Loading CLIP model 'ViT-B/32' on device: cpu
2025-05-28 21:27:47 - src.search.clip_engine - INFO - Using CPU for CLIP processing
2025-05-28 21:27:47 - src.search.clip_engine - INFO - CLIP model loaded successfully
2025-05-28 21:27:51 - src.gui.main_window - INFO - Selected user image: C:\Users\Aliba\Desktop\image.png
2025-05-28 21:28:03 - src.gui.main_window - INFO - Parsing Discord JSON...
2025-05-28 21:28:03 - src.data.discord_parser - INFO - Found 3688 total messages in archive
2025-05-28 21:28:03 - src.data.discord_parser - INFO - Parsed 3462 messages with image attachments
2025-05-28 21:28:03 - src.data.discord_parser - INFO - Statistics: {'total_messages': 3688, 'messages_with_attachments': 3462, 'total_attachments': 3561, 'parse_errors': 0}
2025-05-28 21:28:03 - src.gui.main_window - INFO - Loaded 3462 messages with images
2025-05-28 21:28:04 - src.gui.main_window - INFO - Parsed 3462 Discord messages with images
2025-05-28 21:28:06 - src.gui.main_window - INFO - Starting search...
2025-05-28 21:28:06 - src.search.strategies - INFO - Using real-time search strategy
2025-05-28 21:28:06 - src.search.strategies - INFO - Starting real-time search with 3462 messages
2025-05-28 21:28:06 - src.search.strategies - INFO - Encoding user image: C:\Users\Aliba\Desktop\image.png
2025-05-28 21:28:06 - src.search.clip_engine - ERROR - Failed to encode image: Numpy is not available
2025-05-28 21:28:06 - src.search.strategies - ERROR - Failed to encode user image: Numpy is not available
2025-05-28 21:28:06 - src.gui.main_window - ERROR - Search failed: Numpy is not available
2025-05-28 21:28:06 - src.gui.main_window - INFO - Search failed
2025-05-28 21:28:07 - src.gui.main_window - ERROR - Search failed:
Numpy is not available
2025-05-28 21:28:08 - src.gui.main_window - INFO - Starting search...
2025-05-28 21:28:08 - src.search.strategies - INFO - Using real-time search strategy
2025-05-28 21:28:08 - src.search.strategies - INFO - Starting real-time search with 3462 messages
2025-05-28 21:28:08 - src.search.strategies - INFO - Encoding user image: C:\Users\Aliba\Desktop\image.png
2025-05-28 21:28:08 - src.search.clip_engine - ERROR - Failed to encode image: Numpy is not available
2025-05-28 21:28:08 - src.search.strategies - ERROR - Failed to encode user image: Numpy is not available
2025-05-28 21:28:08 - src.gui.main_window - ERROR - Search failed: Numpy is not available
